#-----------------------------------------------------------
# Vivado v2019.1.1 (64-bit)
# SW Build 2580384 on Sat Jun 29 08:12:21 MDT 2019
# IP Build 2579722 on Sat Jun 29 11:35:40 MDT 2019
# Start of session at: Sat Aug 17 00:27:00 2019
# Process ID: 8756
# Current directory: C:/Users/aptsi/Desktop/FIFO_MiniZed
# Command line: vivado.exe -gui_launcher_event rodinguilauncherevent10660 C:\Users\aptsi\Desktop\FIFO_MiniZed\FIFO_MiniZed.xpr
# Log file: C:/Users/aptsi/Desktop/FIFO_MiniZed/vivado.log
# Journal file: C:/Users/aptsi/Desktop/FIFO_MiniZed\vivado.jou
#-----------------------------------------------------------
start_gui
open_project C:/Users/aptsi/Desktop/FIFO_MiniZed/FIFO_MiniZed.xpr
Scanning sources...
Finished scanning sources
INFO: [IP_Flow 19-234] Refreshing IP repositories
INFO: [IP_Flow 19-1704] No user IP repositories specified
INFO: [IP_Flow 19-2313] Loaded Vivado IP repository 'C:/Xilinx/Vivado/2019.1/data/ip'.
open_project: Time (s): cpu = 00:00:22 ; elapsed = 00:00:10 . Memory (MB): peak = 741.688 ; gain = 75.938
update_compile_order -fileset sources_1
update_compile_order -fileset sources_1
reset_run synth_1
launch_runs impl_1 -to_step write_bitstream -jobs 8
[Sat Aug 17 00:57:06 2019] Launched synth_1...
Run output will be captured here: C:/Users/aptsi/Desktop/FIFO_MiniZed/FIFO_MiniZed.runs/synth_1/runme.log
[Sat Aug 17 00:57:06 2019] Launched impl_1...
Run output will be captured here: C:/Users/aptsi/Desktop/FIFO_MiniZed/FIFO_MiniZed.runs/impl_1/runme.log
open_hw
connect_hw_server
INFO: [Labtools 27-2285] Connecting to hw_server url TCP:localhost:3121
INFO: [Labtools 27-2222] Launching hw_server...
INFO: [Labtools 27-2221] Launch Output:

****** Xilinx hw_server v2019.1.1
  **** Build date : Jun 29 2019 at 08:55:25
    ** Copyright 1986-2019 Xilinx, Inc. All Rights Reserved.


open_bd_design {C:/Users/aptsi/Desktop/FIFO_MiniZed/FIFO_MiniZed.srcs/sources_1/bd/PL_BRAM_BD/PL_BRAM_BD.bd}
Adding component instance block -- xilinx.com:ip:processing_system7:5.5 - processing_system7_0
Successfully read diagram <PL_BRAM_BD> from BD file <C:/Users/aptsi/Desktop/FIFO_MiniZed/FIFO_MiniZed.srcs/sources_1/bd/PL_BRAM_BD/PL_BRAM_BD.bd>
open_bd_design: Time (s): cpu = 00:00:12 ; elapsed = 00:00:12 . Memory (MB): peak = 893.250 ; gain = 92.539
open_bd_design {C:/Users/aptsi/Desktop/FIFO_MiniZed/FIFO_MiniZed.srcs/sources_1/bd/PL_BRAM_BD/PL_BRAM_BD.bd}
update_compile_order -fileset sources_1
INFO: [Vivado 12-4159] Implementation run is out of date. Exported hardware information may be inconsistent with respect to the current state of the design. It is recommended that you re-run implementation and re-generate bitstream before doing hardware export.
reset_run synth_1
launch_runs impl_1 -to_step write_bitstream -jobs 8
[Sat Aug 17 02:11:09 2019] Launched synth_1...
Run output will be captured here: C:/Users/aptsi/Desktop/FIFO_MiniZed/FIFO_MiniZed.runs/synth_1/runme.log
[Sat Aug 17 02:11:09 2019] Launched impl_1...
Run output will be captured here: C:/Users/aptsi/Desktop/FIFO_MiniZed/FIFO_MiniZed.runs/impl_1/runme.log
set_property is_enabled false [get_files  C:/Users/aptsi/Desktop/FIFO_MiniZed/FIFO_MiniZed.srcs/sources_1/new/PL_BRAM_wrapper.v]
set_property is_enabled true [get_files  C:/Users/aptsi/Desktop/FIFO_MiniZed/FIFO_MiniZed.srcs/sources_1/new/PL_BRAM_wrapper.v]
INFO: [Vivado 12-4159] Implementation run is out of date. Exported hardware information may be inconsistent with respect to the current state of the design. It is recommended that you re-run implementation and re-generate bitstream before doing hardware export.
file copy -force C:/Users/aptsi/Desktop/FIFO_MiniZed/FIFO_MiniZed.runs/impl_1/FIFO.sysdef C:/Users/aptsi/Desktop/FIFO_MiniZed/FIFO_MiniZed.sdk/FIFO.hdf

INFO: [Vivado 12-4158] Exported Hardware file is out of date. Exported hardware information may be inconsistent with respect to the current state of the design. It is recommended that you re-export the design and launch SDK otherwise SDK is launched with out of date hardware system file.
launch_sdk -workspace C:/Users/aptsi/Desktop/FIFO_MiniZed/FIFO_MiniZed.sdk -hwspec C:/Users/aptsi/Desktop/FIFO_MiniZed/FIFO_MiniZed.sdk/FIFO.hdf
INFO: [Vivado 12-393] Launching SDK...
INFO: [Vivado 12-417] Running xsdk -workspace C:/Users/aptsi/Desktop/FIFO_MiniZed/FIFO_MiniZed.sdk -hwspec C:/Users/aptsi/Desktop/FIFO_MiniZed/FIFO_MiniZed.sdk/FIFO.hdf
INFO: [Vivado 12-3157] SDK launch initiated. Please check console for any further messages.
open_bd_design {C:/Users/aptsi/Desktop/FIFO_MiniZed/FIFO_MiniZed.srcs/sources_1/bd/PS_BRAM_BD/PS_BRAM_BD.bd}
Adding component instance block -- xilinx.com:ip:axi_bram_ctrl:4.1 - axi_bram_ctrl_0
Adding component instance block -- xilinx.com:ip:axi_bram_ctrl:4.1 - axi_bram_ctrl_1
Adding component instance block -- xilinx.com:ip:axi_interconnect:2.1 - axi_interconnect_0
Adding component instance block -- xilinx.com:ip:axi_protocol_converter:2.1 - auto_pc
Adding component instance block -- xilinx.com:ip:axi_interconnect:2.1 - axi_interconnect_1
Adding component instance block -- xilinx.com:ip:axi_protocol_converter:2.1 - auto_pc
Adding component instance block -- xilinx.com:ip:blk_mem_gen:8.4 - blk_mem_gen_0
Adding component instance block -- xilinx.com:ip:processing_system7:5.5 - processing_system7_0
Adding component instance block -- xilinx.com:ip:proc_sys_reset:5.0 - rst_ps7_0_50M
Successfully read diagram <PS_BRAM_BD> from BD file <C:/Users/aptsi/Desktop/FIFO_MiniZed/FIFO_MiniZed.srcs/sources_1/bd/PS_BRAM_BD/PS_BRAM_BD.bd>
exit
INFO: [Common 17-206] Exiting Vivado at Sun Aug 18 03:28:16 2019...
