#-----------------------------------------------------------
# Vivado v2019.1.1 (64-bit)
# SW Build 2580384 on Sat Jun 29 08:12:21 MDT 2019
# IP Build 2579722 on Sat Jun 29 11:35:40 MDT 2019
# Start of session at: Thu Aug 15 14:23:57 2019
# Process ID: 13624
# Current directory: C:/Users/aptsi/Desktop/FIFO_MiniZed
# Command line: vivado.exe -gui_launcher_event rodinguilauncherevent12776 C:\Users\aptsi\Desktop\FIFO_MiniZed\FIFO_MiniZed.xpr
# Log file: C:/Users/aptsi/Desktop/FIFO_MiniZed/vivado.log
# Journal file: C:/Users/aptsi/Desktop/FIFO_MiniZed\vivado.jou
#-----------------------------------------------------------
start_gui
open_project C:/Users/aptsi/Desktop/FIFO_MiniZed/FIFO_MiniZed.xpr
INFO: [Project 1-313] Project file moved from 'C:/Users/gaptsiauri/Desktop/FIFO_MiniZed/FIFO_MiniZed' since last save.
Scanning sources...
Finished scanning sources
INFO: [IP_Flow 19-234] Refreshing IP repositories
INFO: [IP_Flow 19-1704] No user IP repositories specified
INFO: [IP_Flow 19-2313] Loaded Vivado IP repository 'C:/Xilinx/Vivado/2019.1/data/ip'.
open_project: Time (s): cpu = 00:00:25 ; elapsed = 00:00:15 . Memory (MB): peak = 734.355 ; gain = 138.176
update_compile_order -fileset sources_1
update_compile_order -fileset sources_1
update_compile_order -fileset sources_1
reset_run synth_1
launch_runs impl_1 -to_step write_bitstream -jobs 8
INFO: [IP_Flow 19-4993] Using cached IP synthesis design for IP PS_DRAM_BD_processing_system7_0_0, cache-ID = 98ad2c3c2592c1c8; cache size = 6.755 MB.
INFO: [IP_Flow 19-4993] Using cached IP synthesis design for IP PS_BRAM_BD_auto_pc_0, cache-ID = ba0c0d25214fbf4c; cache size = 6.755 MB.
INFO: [IP_Flow 19-4993] Using cached IP synthesis design for IP PS_BRAM_BD_auto_pc_1, cache-ID = ba0c0d25214fbf4c; cache size = 6.755 MB.
INFO: [IP_Flow 19-4993] Using cached IP synthesis design for IP PS_BRAM_BD_axi_bram_ctrl_0_0, cache-ID = 6684a0ae3b8821b0; cache size = 6.755 MB.
INFO: [IP_Flow 19-4993] Using cached IP synthesis design for IP PS_BRAM_BD_axi_bram_ctrl_1_0, cache-ID = 6684a0ae3b8821b0; cache size = 6.755 MB.
INFO: [IP_Flow 19-4993] Using cached IP synthesis design for IP PS_BRAM_BD_blk_mem_gen_0_0, cache-ID = ae16b3096fb6734a; cache size = 6.755 MB.
INFO: [IP_Flow 19-4993] Using cached IP synthesis design for IP PS_BRAM_BD_processing_system7_0_0, cache-ID = 1412ea5a36c66768; cache size = 6.755 MB.
INFO: [IP_Flow 19-4993] Using cached IP synthesis design for IP PS_BRAM_BD_rst_ps7_0_50M_0, cache-ID = b35c75f45f17a4e8; cache size = 6.755 MB.
INFO: [IP_Flow 19-4993] Using cached IP synthesis design for IP PL_BRAM_BD_processing_system7_0_0, cache-ID = bf7f23b0615e006e; cache size = 6.755 MB.
INFO: [IP_Flow 19-4993] Using cached IP synthesis design for IP PL_LUT_BD_processing_system7_0_0, cache-ID = bf7f23b0615e006e; cache size = 6.755 MB.
[Thu Aug 15 14:26:31 2019] Launched synth_1...
Run output will be captured here: C:/Users/aptsi/Desktop/FIFO_MiniZed/FIFO_MiniZed.runs/synth_1/runme.log
[Thu Aug 15 14:26:32 2019] Launched impl_1...
Run output will be captured here: C:/Users/aptsi/Desktop/FIFO_MiniZed/FIFO_MiniZed.runs/impl_1/runme.log
launch_runs: Time (s): cpu = 00:00:32 ; elapsed = 00:00:24 . Memory (MB): peak = 933.125 ; gain = 0.000
reset_run impl_1
reset_run synth_1
launch_runs impl_1 -to_step write_bitstream -jobs 8
[Thu Aug 15 14:40:14 2019] Launched synth_1...
Run output will be captured here: C:/Users/aptsi/Desktop/FIFO_MiniZed/FIFO_MiniZed.runs/synth_1/runme.log
[Thu Aug 15 14:40:14 2019] Launched impl_1...
Run output will be captured here: C:/Users/aptsi/Desktop/FIFO_MiniZed/FIFO_MiniZed.runs/impl_1/runme.log
reset_run synth_1
update_compile_order -fileset sources_1
launch_runs impl_1 -to_step write_bitstream -jobs 8
[Thu Aug 15 14:45:12 2019] Launched synth_1...
Run output will be captured here: C:/Users/aptsi/Desktop/FIFO_MiniZed/FIFO_MiniZed.runs/synth_1/runme.log
[Thu Aug 15 14:45:13 2019] Launched impl_1...
Run output will be captured here: C:/Users/aptsi/Desktop/FIFO_MiniZed/FIFO_MiniZed.runs/impl_1/runme.log
reset_run synth_1
launch_runs impl_1 -to_step write_bitstream -jobs 8
[Thu Aug 15 14:50:56 2019] Launched synth_1...
Run output will be captured here: C:/Users/aptsi/Desktop/FIFO_MiniZed/FIFO_MiniZed.runs/synth_1/runme.log
[Thu Aug 15 14:50:56 2019] Launched impl_1...
Run output will be captured here: C:/Users/aptsi/Desktop/FIFO_MiniZed/FIFO_MiniZed.runs/impl_1/runme.log
update_compile_order -fileset sources_1
open_bd_design {C:/Users/aptsi/Desktop/FIFO_MiniZed/FIFO_MiniZed.srcs/sources_1/bd/PL_LUT_BD/PL_LUT_BD.bd}
Adding component instance block -- xilinx.com:ip:processing_system7:5.5 - processing_system7_0
Successfully read diagram <PL_LUT_BD> from BD file <C:/Users/aptsi/Desktop/FIFO_MiniZed/FIFO_MiniZed.srcs/sources_1/bd/PL_LUT_BD/PL_LUT_BD.bd>
open_bd_design: Time (s): cpu = 00:00:13 ; elapsed = 00:00:13 . Memory (MB): peak = 966.547 ; gain = 33.422
export_ip_user_files -of_objects  [get_files C:/Users/aptsi/Desktop/FIFO_MiniZed/FIFO_MiniZed.srcs/sources_1/new/PL_PS_DRAM.v] -no_script -reset -force -quiet
remove_files  C:/Users/aptsi/Desktop/FIFO_MiniZed/FIFO_MiniZed.srcs/sources_1/new/PL_PS_DRAM.v
file delete -force C:/Users/aptsi/Desktop/FIFO_MiniZed/FIFO_MiniZed.srcs/sources_1/new/PL_PS_DRAM.v
export_ip_user_files -of_objects  [get_files C:/Users/aptsi/Desktop/FIFO_MiniZed/FIFO_MiniZed.srcs/sources_1/imports/hdl/PS_DRAM_BD_wrapper.v] -no_script -reset -force -quiet
export_ip_user_files -of_objects  [get_files C:/Users/aptsi/Desktop/FIFO_MiniZed/FIFO_MiniZed.srcs/sources_1/imports/hdl/PS_BRAM_BD_wrapper.v] -no_script -reset -force -quiet
export_ip_user_files -of_objects  [get_files C:/Users/aptsi/Desktop/FIFO_MiniZed/FIFO_MiniZed.srcs/sources_1/imports/hdl/PL_BRAM_BD_wrapper.v] -no_script -reset -force -quiet
remove_files  {C:/Users/aptsi/Desktop/FIFO_MiniZed/FIFO_MiniZed.srcs/sources_1/imports/hdl/PS_DRAM_BD_wrapper.v C:/Users/aptsi/Desktop/FIFO_MiniZed/FIFO_MiniZed.srcs/sources_1/imports/hdl/PS_BRAM_BD_wrapper.v C:/Users/aptsi/Desktop/FIFO_MiniZed/FIFO_MiniZed.srcs/sources_1/imports/hdl/PL_BRAM_BD_wrapper.v}
file delete -force C:/Users/aptsi/Desktop/FIFO_MiniZed/FIFO_MiniZed.srcs/sources_1/imports/hdl/PS_DRAM_BD_wrapper.v C:/Users/aptsi/Desktop/FIFO_MiniZed/FIFO_MiniZed.srcs/sources_1/imports/hdl/PS_BRAM_BD_wrapper.v C:/Users/aptsi/Desktop/FIFO_MiniZed/FIFO_MiniZed.srcs/sources_1/imports/hdl/PL_BRAM_BD_wrapper.v
reset_run synth_1
launch_runs impl_1 -to_step write_bitstream -jobs 8
[Fri Aug 16 15:56:41 2019] Launched synth_1...
Run output will be captured here: C:/Users/aptsi/Desktop/FIFO_MiniZed/FIFO_MiniZed.runs/synth_1/runme.log
[Fri Aug 16 15:56:41 2019] Launched impl_1...
Run output will be captured here: C:/Users/aptsi/Desktop/FIFO_MiniZed/FIFO_MiniZed.runs/impl_1/runme.log
exit
INFO: [Common 17-206] Exiting Vivado at Fri Aug 16 18:09:55 2019...
