#-----------------------------------------------------------
# Vivado v2019.1.1 (64-bit)
# SW Build 2580384 on Sat Jun 29 08:12:21 MDT 2019
# IP Build 2579722 on Sat Jun 29 11:35:40 MDT 2019
# Start of session at: Tue Aug  6 12:39:16 2019
# Process ID: 2268
# Current directory: C:/Users/aptsi/Desktop/FIFO_MiniZed
# Command line: vivado.exe -gui_launcher_event rodinguilauncherevent11548 C:\Users\aptsi\Desktop\FIFO_MiniZed\FIFO_MiniZed.xpr
# Log file: C:/Users/aptsi/Desktop/FIFO_MiniZed/vivado.log
# Journal file: C:/Users/aptsi/Desktop/FIFO_MiniZed\vivado.jou
#-----------------------------------------------------------
start_gui
open_project C:/Users/aptsi/Desktop/FIFO_MiniZed/FIFO_MiniZed.xpr
INFO: [Common 17-41] Interrupt caught. Command should exit soon.
INFO: [Common 17-344] 'open_project' was cancelled
exit
INFO: [Common 17-206] Exiting Vivado at Tue Aug  6 12:39:41 2019...
Refreshing IP repositories
INFO: [IP_Flow 19-1704] No user IP repositories specified
INFO: [IP_Flow 19-2313] Loaded Vivado IP repository 'C:/Xilinx/Vivado/2019.1/data/ip'.
INFO: [Common 17-41] Interrupt caught. Command should exit soon.
ERROR: [BD 41-69] Error sourcing TCL script: 
    while executing
"namespace eval ::xilinx.com_ip_aximm_1.0 { source -notrace {C:/Xilinx/Vivado/2019.1/data/rsb/busdef/AXIMM/busdef.tcl} }"
ERROR: [BD 41-69] Error sourcing TCL script: 
    while executing
"source -notrace {C:/Xilinx/Vivado/2019.1/data/rsb/busdef/clock_signal/busdef.tcl} "
    (in namespace eval "::xilinx.com_ip_clock_signal_1.0" script line 1)
    invoked from within
"namespace eval ::xilinx.com_ip_clock_signal_1.0 { source -notrace {C:/Xilinx/Vivado/2019.1/data/rsb/busdef/clock_signal/busdef.tcl} }"
ERROR: [BD 41-69] Error sourcing TCL script: 
    while executing
"source -notrace {C:/Xilinx/Vivado/2019.1/data/rsb/busdef/gt_outclk/busdef.tcl} "
    (in namespace eval "::xilinx.com_ip_gt_outclk_1.0" script line 1)
    invoked from within
"namespace eval ::xilinx.com_ip_gt_outclk_1.0 { source -notrace {C:/Xilinx/Vivado/2019.1/data/rsb/busdef/gt_outclk/busdef.tcl} }"
ERROR: [BD 41-69] Error sourcing TCL script: 
    while executing
"source -notrace {C:/Xilinx/Vivado/2019.1/data/rsb/busdef/gt_usrclk/busdef.tcl} "
    (in namespace eval "::xilinx.com_ip_gt_usrclk_1.0" script line 1)
    invoked from within
"namespace eval ::xilinx.com_ip_gt_usrclk_1.0 { source -notrace {C:/Xilinx/Vivado/2019.1/data/rsb/busdef/gt_usrclk/busdef.tcl} }"
INFO: [Common 17-344] 'open_project' was cancelled
open_project C:/Users/aptsi/Desktop/FIFO_MiniZed/FIFO_MiniZed.xpr
INFO: [Project 1-313] Project file moved from 'C:/Users/gaptsiauri/Desktop/FIFO_MiniZed/FIFO_MiniZed' since last save.
Scanning sources...
Finished scanning sources
INFO: [IP_Flow 19-234] Refreshing IP repositories
INFO: [IP_Flow 19-1704] No user IP repositories specified
INFO: [IP_Flow 19-2313] Loaded Vivado IP repository 'C:/Xilinx/Vivado/2019.1/data/ip'.
open_project: Time (s): cpu = 00:00:21 ; elapsed = 00:00:10 . Memory (MB): peak = 763.461 ; gain = 87.215
FIFO_MiniZed
update_compile_order -fileset sources_1
update_compile_order -fileset sources_1
reset_run synth_1
launch_runs impl_1 -to_step write_bitstream -jobs 8
[Tue Aug  6 12:41:56 2019] Launched PL_LUT_BD_processing_system7_0_0_synth_1, PS_BRAM_BD_axi_bram_ctrl_0_0_synth_1, PS_BRAM_BD_axi_bram_ctrl_1_0_synth_1, PS_BRAM_BD_blk_mem_gen_0_0_synth_1, PS_BRAM_BD_processing_system7_0_0_synth_1, PS_BRAM_BD_auto_pc_0_synth_1, PS_BRAM_BD_auto_pc_1_synth_1, PS_DRAM_BD_processing_system7_0_0_synth_1, PS_BRAM_BD_rst_ps7_0_50M_0_synth_1, PL_BRAM_BD_processing_system7_0_0_synth_1, synth_1...
Run output will be captured here:
PL_LUT_BD_processing_system7_0_0_synth_1: C:/Users/aptsi/Desktop/FIFO_MiniZed/FIFO_MiniZed.runs/PL_LUT_BD_processing_system7_0_0_synth_1/runme.log
PS_BRAM_BD_axi_bram_ctrl_0_0_synth_1: C:/Users/aptsi/Desktop/FIFO_MiniZed/FIFO_MiniZed.runs/PS_BRAM_BD_axi_bram_ctrl_0_0_synth_1/runme.log
PS_BRAM_BD_axi_bram_ctrl_1_0_synth_1: C:/Users/aptsi/Desktop/FIFO_MiniZed/FIFO_MiniZed.runs/PS_BRAM_BD_axi_bram_ctrl_1_0_synth_1/runme.log
PS_BRAM_BD_blk_mem_gen_0_0_synth_1: C:/Users/aptsi/Desktop/FIFO_MiniZed/FIFO_MiniZed.runs/PS_BRAM_BD_blk_mem_gen_0_0_synth_1/runme.log
PS_BRAM_BD_processing_system7_0_0_synth_1: C:/Users/aptsi/Desktop/FIFO_MiniZed/FIFO_MiniZed.runs/PS_BRAM_BD_processing_system7_0_0_synth_1/runme.log
PS_BRAM_BD_auto_pc_0_synth_1: C:/Users/aptsi/Desktop/FIFO_MiniZed/FIFO_MiniZed.runs/PS_BRAM_BD_auto_pc_0_synth_1/runme.log
PS_BRAM_BD_auto_pc_1_synth_1: C:/Users/aptsi/Desktop/FIFO_MiniZed/FIFO_MiniZed.runs/PS_BRAM_BD_auto_pc_1_synth_1/runme.log
PS_DRAM_BD_processing_system7_0_0_synth_1: C:/Users/aptsi/Desktop/FIFO_MiniZed/FIFO_MiniZed.runs/PS_DRAM_BD_processing_system7_0_0_synth_1/runme.log
PS_BRAM_BD_rst_ps7_0_50M_0_synth_1: C:/Users/aptsi/Desktop/FIFO_MiniZed/FIFO_MiniZed.runs/PS_BRAM_BD_rst_ps7_0_50M_0_synth_1/runme.log
PL_BRAM_BD_processing_system7_0_0_synth_1: C:/Users/aptsi/Desktop/FIFO_MiniZed/FIFO_MiniZed.runs/PL_BRAM_BD_processing_system7_0_0_synth_1/runme.log
synth_1: C:/Users/aptsi/Desktop/FIFO_MiniZed/FIFO_MiniZed.runs/synth_1/runme.log
[Tue Aug  6 12:41:58 2019] Launched impl_1...
Run output will be captured here: C:/Users/aptsi/Desktop/FIFO_MiniZed/FIFO_MiniZed.runs/impl_1/runme.log
launch_runs: Time (s): cpu = 00:00:18 ; elapsed = 00:00:15 . Memory (MB): peak = 919.637 ; gain = 20.945
open_bd_design {C:/Users/aptsi/Desktop/FIFO_MiniZed/FIFO_MiniZed.srcs/sources_1/bd/PS_DRAM_BD/PS_DRAM_BD.bd}
Adding component instance block -- xilinx.com:ip:processing_system7:5.5 - processing_system7_0
Successfully read diagram <PS_DRAM_BD> from BD file <C:/Users/aptsi/Desktop/FIFO_MiniZed/FIFO_MiniZed.srcs/sources_1/bd/PS_DRAM_BD/PS_DRAM_BD.bd>
open_bd_design: Time (s): cpu = 00:00:24 ; elapsed = 00:00:22 . Memory (MB): peak = 993.297 ; gain = 67.371
file copy -force C:/Users/aptsi/Desktop/FIFO_MiniZed/FIFO_MiniZed.runs/impl_1/FIFO.sysdef C:/Users/aptsi/Desktop/FIFO_MiniZed/FIFO_MiniZed.sdk/FIFO.hdf

launch_sdk -workspace C:/Users/aptsi/Desktop/FIFO_MiniZed/FIFO_MiniZed.sdk -hwspec C:/Users/aptsi/Desktop/FIFO_MiniZed/FIFO_MiniZed.sdk/FIFO.hdf
INFO: [Vivado 12-393] Launching SDK...
INFO: [Vivado 12-417] Running xsdk -workspace C:/Users/aptsi/Desktop/FIFO_MiniZed/FIFO_MiniZed.sdk -hwspec C:/Users/aptsi/Desktop/FIFO_MiniZed/FIFO_MiniZed.sdk/FIFO.hdf
INFO: [Vivado 12-3157] SDK launch initiated. Please check console for any further messages.
exit
INFO: [Common 17-206] Exiting Vivado at Tue Aug  6 13:10:57 2019...
